<?xml version="1.0" encoding="UTF-8"?>
<!-- Generated by org.testng.reporters.JUnitXMLReporter -->
<testsuite ignored="0" hostname="MCSW69SLPC0018" failures="4" tests="10" name="Test" time="380.922" errors="0" timestamp="2025-02-20T23:37:12 IST">
  <testcase classname="testscripts.TC04_InitiateCheckout" name="addToCartAndCheckout" time="26.745"/>
  <testcase classname="testscripts.TC01_AddProductToCart" name="addToCart" time="20.091">
    <failure type="org.openqa.selenium.TimeoutException" message="Expected condition failed: waiting for element to be clickable: [[EdgeDriver: MicrosoftEdge on windows (703e92773e3d8a59c8dbddae3ae060d2)] -&amp;gt; xpath: //li[@class=&amp;quot;linklist__item&amp;quot;]/a[contains(text(),&amp;apos;AC Comforter&amp;apos;)]] (tried for 10 second(s) with 500 milliseconds interval)
Build info: version: &amp;apos;4.27.0&amp;apos;, revision: &amp;apos;d6e718d134&amp;apos;
System info: os.name: &amp;apos;Windows 11&amp;apos;, os.arch: &amp;apos;amd64&amp;apos;, os.version: &amp;apos;10.0&amp;apos;, java.version: &amp;apos;21.0.3&amp;apos;
Driver info: org.openqa.selenium.edge.EdgeDriver
Capabilities {acceptInsecureCerts: false, browserName: MicrosoftEdge, browserVersion: 133.0.3065.69, fedcm:accounts: true, ms:edgeOptions: {debuggerAddress: localhost:62786}, msedge: {msedgedriverVersion: 133.0.3065.69 (c3f010c11f3e..., userDataDir: C:\Users\VC114136\AppData\L...}, networkConnectionEnabled: false, pageLoadStrategy: normal, platformName: windows, proxy: Proxy(), se:cdp: ws://localhost:62786/devtoo..., se:cdpVersion: 133.0.3065.69, setWindowRect: true, strictFileInteractability: false, timeouts: {implicit: 0, pageLoad: 300000, script: 30000}, unhandledPromptBehavior: dismiss and notify, webauthn:extension:credBlob: true, webauthn:extension:largeBlob: true, webauthn:extension:minPinLength: true, webauthn:extension:prf: true, webauthn:virtualAuthenticators: true}
Session ID: 703e92773e3d8a59c8dbddae3ae060d2">
      <![CDATA[org.openqa.selenium.TimeoutException: Expected condition failed: waiting for element to be clickable: [[EdgeDriver: MicrosoftEdge on windows (703e92773e3d8a59c8dbddae3ae060d2)] -> xpath: //li[@class="linklist__item"]/a[contains(text(),'AC Comforter')]] (tried for 10 second(s) with 500 milliseconds interval)
Build info: version: '4.27.0', revision: 'd6e718d134'
System info: os.name: 'Windows 11', os.arch: 'amd64', os.version: '10.0', java.version: '21.0.3'
Driver info: org.openqa.selenium.edge.EdgeDriver
Capabilities {acceptInsecureCerts: false, browserName: MicrosoftEdge, browserVersion: 133.0.3065.69, fedcm:accounts: true, ms:edgeOptions: {debuggerAddress: localhost:62786}, msedge: {msedgedriverVersion: 133.0.3065.69 (c3f010c11f3e..., userDataDir: C:\Users\VC114136\AppData\L...}, networkConnectionEnabled: false, pageLoadStrategy: normal, platformName: windows, proxy: Proxy(), se:cdp: ws://localhost:62786/devtoo..., se:cdpVersion: 133.0.3065.69, setWindowRect: true, strictFileInteractability: false, timeouts: {implicit: 0, pageLoad: 300000, script: 30000}, unhandledPromptBehavior: dismiss and notify, webauthn:extension:credBlob: true, webauthn:extension:largeBlob: true, webauthn:extension:minPinLength: true, webauthn:extension:prf: true, webauthn:virtualAuthenticators: true}
Session ID: 703e92773e3d8a59c8dbddae3ae060d2
at org.openqa.selenium.support.ui.WebDriverWait.timeoutException(WebDriverWait.java:84)
at org.openqa.selenium.support.ui.FluentWait.until(FluentWait.java:228)
at genericLibraries.WebDriverUtilities.waitElementClick(WebDriverUtilities.java:116)
at pom.NavigationBar.clickAcComforts(NavigationBar.java:50)
at testscripts.TC01_AddProductToCart.addToCart(TC01_AddProductToCart.java:50)
at java.base/java.util.ArrayList.forEach(ArrayList.java:1596)
... Removed 25 stack frames]]>
    </failure>
  </testcase> <!-- addToCart -->
  <testcase classname="testscripts.TC06_AddAddress" name="addAddress" time="21.572"/>
  <testcase classname="testscripts.TC08_ResetFilterAddToWishlist" name="addToWishList" time="46.378">
    <failure type="org.openqa.selenium.TimeoutException" message="Expected condition failed: waiting for visibility of Proxy element for: DefaultElementLocator &amp;apos;By.xpath: //div[@class=&amp;quot;product__info&amp;quot;]//h1&amp;apos; (tried for 10 second(s) with 500 milliseconds interval)">
      <![CDATA[org.openqa.selenium.TimeoutException: Expected condition failed: waiting for visibility of Proxy element for: DefaultElementLocator 'By.xpath: //div[@class="product__info"]//h1' (tried for 10 second(s) with 500 milliseconds interval)
at org.openqa.selenium.support.ui.WebDriverWait.timeoutException(WebDriverWait.java:84)
at org.openqa.selenium.support.ui.FluentWait.until(FluentWait.java:228)
at genericLibraries.WebDriverUtilities.waitElement(WebDriverUtilities.java:106)
at pom.ProductDetailsPage.getProductInfo(ProductDetailsPage.java:58)
at testscripts.TC08_ResetFilterAddToWishlist.addToWishList(TC08_ResetFilterAddToWishlist.java:70)
at java.base/java.util.ArrayList.forEach(ArrayList.java:1596)
Caused by: org.openqa.selenium.NoSuchElementException: no such element: Unable to locate element: {"method":"xpath","selector":"//div[@class="product__info"]//h1"}
  (Session info: MicrosoftEdge=133.0.3065.69)
For documentation on this error, please visit: https://www.selenium.dev/documentation/webdriver/troubleshooting/errors#no-such-element-exception
Build info: version: '4.27.0', revision: 'd6e718d134'
System info: os.name: 'Windows 11', os.arch: 'amd64', os.version: '10.0', java.version: '21.0.3'
Driver info: org.openqa.selenium.edge.EdgeDriver
Command: [3365a1ea48738c4f662f0234bd09cbe1, findElement {value=//div[@class="product__info"]//h1, using=xpath}]
Capabilities {acceptInsecureCerts: false, browserName: MicrosoftEdge, browserVersion: 133.0.3065.69, fedcm:accounts: true, ms:edgeOptions: {debuggerAddress: localhost:63398}, msedge: {msedgedriverVersion: 133.0.3065.69 (c3f010c11f3e..., userDataDir: C:\Users\VC114136\AppData\L...}, networkConnectionEnabled: false, pageLoadStrategy: normal, platformName: windows, proxy: Proxy(), se:cdp: ws://localhost:63398/devtoo..., se:cdpVersion: 133.0.3065.69, setWindowRect: true, strictFileInteractability: false, timeouts: {implicit: 0, pageLoad: 300000, script: 30000}, unhandledPromptBehavior: dismiss and notify, webauthn:extension:credBlob: true, webauthn:extension:largeBlob: true, webauthn:extension:minPinLength: true, webauthn:extension:prf: true, webauthn:virtualAuthenticators: true}
Session ID: 3365a1ea48738c4f662f0234bd09cbe1
at org.openqa.selenium.remote.ErrorCodec.decode(ErrorCodec.java:167)
at org.openqa.selenium.remote.codec.w3c.W3CHttpResponseCodec.decode(W3CHttpResponseCodec.java:138)
at org.openqa.selenium.remote.codec.w3c.W3CHttpResponseCodec.decode(W3CHttpResponseCodec.java:50)
at org.openqa.selenium.remote.HttpCommandExecutor.execute(HttpCommandExecutor.java:190)
at org.openqa.selenium.remote.service.DriverCommandExecutor.invokeExecute(DriverCommandExecutor.java:216)
at org.openqa.selenium.remote.service.DriverCommandExecutor.execute(DriverCommandExecutor.java:174)
at org.openqa.selenium.remote.RemoteWebDriver.execute(RemoteWebDriver.java:545)
at org.openqa.selenium.remote.ElementLocation$ElementFinder$2.findElement(ElementLocation.java:165)
at org.openqa.selenium.remote.ElementLocation.findElement(ElementLocation.java:59)
at org.openqa.selenium.remote.RemoteWebDriver.findElement(RemoteWebDriver.java:368)
at org.openqa.selenium.remote.RemoteWebDriver.findElement(RemoteWebDriver.java:362)
at org.openqa.selenium.support.pagefactory.DefaultElementLocator.findElement(DefaultElementLocator.java:68)
at org.openqa.selenium.support.pagefactory.internal.LocatingElementHandler.invoke(LocatingElementHandler.java:38)
at jdk.proxy2/jdk.proxy2.$Proxy29.isDisplayed(Unknown Source)
at org.openqa.selenium.support.ui.ExpectedConditions.elementIfVisible(ExpectedConditions.java:304)
at org.openqa.selenium.support.ui.ExpectedConditions$10.apply(ExpectedConditions.java:290)
at org.openqa.selenium.support.ui.ExpectedConditions$10.apply(ExpectedConditions.java:287)
at org.openqa.selenium.support.ui.FluentWait.until(FluentWait.java:203)
... 29 more
... Removed 28 stack frames]]>
    </failure>
  </testcase> <!-- addToWishList -->
  <testcase classname="testscripts.TC05_manufactureAddress" name="getManufactureAddress" time="26.559"/>
  <testcase classname="testscripts.TC07_DeleteAddress" name="deleteAddress" time="12.334"/>
  <testcase classname="testscripts.TC09_AddToWishlistAndCart" name="addToCart" time="17.237"/>
  <testcase classname="testscripts.TC03_VerifyPincode" name="checkPincodeAndDelivery" time="18.76">
    <failure type="org.openqa.selenium.TimeoutException" message="Expected condition failed: waiting for visibility of [[EdgeDriver: MicrosoftEdge on windows (02f4d82ab3ab4ecc0e98bc1c973453d5)] -&amp;gt; xpath: //li[@class=&amp;quot;linklist__item&amp;quot;]/a[contains(text(),&amp;apos;Round Neck Sweaters&amp;apos;)]] (tried for 10 second(s) with 500 milliseconds interval)
Build info: version: &amp;apos;4.27.0&amp;apos;, revision: &amp;apos;d6e718d134&amp;apos;
System info: os.name: &amp;apos;Windows 11&amp;apos;, os.arch: &amp;apos;amd64&amp;apos;, os.version: &amp;apos;10.0&amp;apos;, java.version: &amp;apos;21.0.3&amp;apos;
Driver info: org.openqa.selenium.edge.EdgeDriver
Capabilities {acceptInsecureCerts: false, browserName: MicrosoftEdge, browserVersion: 133.0.3065.69, fedcm:accounts: true, ms:edgeOptions: {debuggerAddress: localhost:65359}, msedge: {msedgedriverVersion: 133.0.3065.69 (c3f010c11f3e..., userDataDir: C:\Users\VC114136\AppData\L...}, networkConnectionEnabled: false, pageLoadStrategy: normal, platformName: windows, proxy: Proxy(), se:cdp: ws://localhost:65359/devtoo..., se:cdpVersion: 133.0.3065.69, setWindowRect: true, strictFileInteractability: false, timeouts: {implicit: 0, pageLoad: 300000, script: 30000}, unhandledPromptBehavior: dismiss and notify, webauthn:extension:credBlob: true, webauthn:extension:largeBlob: true, webauthn:extension:minPinLength: true, webauthn:extension:prf: true, webauthn:virtualAuthenticators: true}
Session ID: 02f4d82ab3ab4ecc0e98bc1c973453d5">
      <![CDATA[org.openqa.selenium.TimeoutException: Expected condition failed: waiting for visibility of [[EdgeDriver: MicrosoftEdge on windows (02f4d82ab3ab4ecc0e98bc1c973453d5)] -> xpath: //li[@class="linklist__item"]/a[contains(text(),'Round Neck Sweaters')]] (tried for 10 second(s) with 500 milliseconds interval)
Build info: version: '4.27.0', revision: 'd6e718d134'
System info: os.name: 'Windows 11', os.arch: 'amd64', os.version: '10.0', java.version: '21.0.3'
Driver info: org.openqa.selenium.edge.EdgeDriver
Capabilities {acceptInsecureCerts: false, browserName: MicrosoftEdge, browserVersion: 133.0.3065.69, fedcm:accounts: true, ms:edgeOptions: {debuggerAddress: localhost:65359}, msedge: {msedgedriverVersion: 133.0.3065.69 (c3f010c11f3e..., userDataDir: C:\Users\VC114136\AppData\L...}, networkConnectionEnabled: false, pageLoadStrategy: normal, platformName: windows, proxy: Proxy(), se:cdp: ws://localhost:65359/devtoo..., se:cdpVersion: 133.0.3065.69, setWindowRect: true, strictFileInteractability: false, timeouts: {implicit: 0, pageLoad: 300000, script: 30000}, unhandledPromptBehavior: dismiss and notify, webauthn:extension:credBlob: true, webauthn:extension:largeBlob: true, webauthn:extension:minPinLength: true, webauthn:extension:prf: true, webauthn:virtualAuthenticators: true}
Session ID: 02f4d82ab3ab4ecc0e98bc1c973453d5
at org.openqa.selenium.support.ui.WebDriverWait.timeoutException(WebDriverWait.java:84)
at org.openqa.selenium.support.ui.FluentWait.until(FluentWait.java:228)
at genericLibraries.WebDriverUtilities.waitElement(WebDriverUtilities.java:106)
at pom.NavigationBar.clickRoundNeckSweaters(NavigationBar.java:55)
at testscripts.TC03_VerifyPincode.checkPincodeAndDelivery(TC03_VerifyPincode.java:53)
at java.base/java.util.ArrayList.forEach(ArrayList.java:1596)
... Removed 25 stack frames]]>
    </failure>
  </testcase> <!-- checkPincodeAndDelivery -->
  <testcase classname="testscripts.TC02_HandTowelProductAdding" name="addToWishlist" time="27.15"/>
  <testcase classname="testscripts.TC10_ProductVerification" name="verifyProduct" time="18.836">
    <failure type="org.openqa.selenium.ElementClickInterceptedException" message="element click intercepted: Element &amp;lt;button is=&amp;quot;toggle-button&amp;quot; loader=&amp;quot;&amp;quot; aria-controls=&amp;quot;product-template--24170044358944__featured-collections-4e24c60f-584d-4966-a5a9-c2a7f5362b3f-8790724116768-drawer&amp;quot; aria-expanded=&amp;quot;false&amp;quot; class=&amp;quot;button button--outline button--text button--full  hidden-touch hidden-phone&amp;quot;&amp;gt;...&amp;lt;/button&amp;gt; is not clickable at point (485, 516). Other element would receive the click: &amp;lt;img src=&amp;quot;//www.montecarlo.in/cdn/shop/products/223061535-1-38_5.jpg?v=1697896077&amp;amp;amp;width=1080&amp;quot; alt=&amp;quot;Men Grey Solid Stand Collar Full Sleeve Tracksuits&amp;quot; srcset=&amp;quot;//www.montecarlo.in/cdn/shop/products/223061535-1-38_5.jpg?v=1697896077&amp;amp;amp;width=200 200w, //www.montecarlo.in/cdn/shop/products/223061535-1-38_5.jpg?v=1697896077&amp;amp;amp;width=300 300w, //www.montecarlo.in/cdn/shop/products/223061535-1-38_5.jpg?v=1697896077&amp;amp;amp;width=400 400w, //www.montecarlo.in/cdn/shop/products/223061535-1-38_5.jpg?v=1697896077&amp;amp;amp;width=500 500w, //www.montecarlo.in/cdn/shop/products/223061535-1-38_5.jpg?v=1697896077&amp;amp;amp;width=600 600w, //www.montecarlo.in/cdn/shop/products/223061535-1-38_5.jpg?v=1697896077&amp;amp;amp;width=700 700w, //www.montecarlo.in/cdn/shop/products/223061535-1-38_5.jpg?v=1697896077&amp;amp;amp;width=800 800w, //www.montecarlo.in/cdn/shop/products/223061535-1-38_5.jpg?v=1697896077&amp;amp;amp;width=900 900w, //www.montecarlo.in/cdn/shop/products/223061535-1-38_5.jpg?v=1697896077&amp;amp;amp;width=1000 1000w&amp;quot; width=&amp;quot;1080&amp;quot; height=&amp;quot;1440&amp;quot; loading=&amp;quot;lazy&amp;quot; sizes=&amp;quot;(max-width: 740px) 52vw, calc(min(100vw - 80px, 1520px) / 4 - 18px)&amp;quot; class=&amp;quot;product-item__primary-image&amp;quot; data-media-id=&amp;quot;35575659757856&amp;quot;&amp;gt;
  (Session info: MicrosoftEdge=133.0.3065.69)
Build info: version: &amp;apos;4.27.0&amp;apos;, revision: &amp;apos;d6e718d134&amp;apos;
System info: os.name: &amp;apos;Windows 11&amp;apos;, os.arch: &amp;apos;amd64&amp;apos;, os.version: &amp;apos;10.0&amp;apos;, java.version: &amp;apos;21.0.3&amp;apos;
Driver info: org.openqa.selenium.edge.EdgeDriver
Command: [5e6f4a03c71cd144002bee076e1aa16f, clickElement {id=f.7AA258A12D970844DF483242E4247527.d.434456DD5632ED331171349DF25E247C.e.369}]
Capabilities {acceptInsecureCerts: false, browserName: MicrosoftEdge, browserVersion: 133.0.3065.69, fedcm:accounts: true, ms:edgeOptions: {debuggerAddress: localhost:49907}, msedge: {msedgedriverVersion: 133.0.3065.69 (c3f010c11f3e..., userDataDir: C:\Users\VC114136\AppData\L...}, networkConnectionEnabled: false, pageLoadStrategy: normal, platformName: windows, proxy: Proxy(), se:cdp: ws://localhost:49907/devtoo..., se:cdpVersion: 133.0.3065.69, setWindowRect: true, strictFileInteractability: false, timeouts: {implicit: 0, pageLoad: 300000, script: 30000}, unhandledPromptBehavior: dismiss and notify, webauthn:extension:credBlob: true, webauthn:extension:largeBlob: true, webauthn:extension:minPinLength: true, webauthn:extension:prf: true, webauthn:virtualAuthenticators: true}
Element: [[EdgeDriver: MicrosoftEdge on windows (5e6f4a03c71cd144002bee076e1aa16f)] -&amp;gt; xpath: *//product-list[2]//product-item/div[2]/div[1]/button[1]]
Session ID: 5e6f4a03c71cd144002bee076e1aa16f">
      <![CDATA[org.openqa.selenium.ElementClickInterceptedException: element click intercepted: Element <button is="toggle-button" loader="" aria-controls="product-template--24170044358944__featured-collections-4e24c60f-584d-4966-a5a9-c2a7f5362b3f-8790724116768-drawer" aria-expanded="false" class="button button--outline button--text button--full  hidden-touch hidden-phone">...</button> is not clickable at point (485, 516). Other element would receive the click: <img src="//www.montecarlo.in/cdn/shop/products/223061535-1-38_5.jpg?v=1697896077&amp;width=1080" alt="Men Grey Solid Stand Collar Full Sleeve Tracksuits" srcset="//www.montecarlo.in/cdn/shop/products/223061535-1-38_5.jpg?v=1697896077&amp;width=200 200w, //www.montecarlo.in/cdn/shop/products/223061535-1-38_5.jpg?v=1697896077&amp;width=300 300w, //www.montecarlo.in/cdn/shop/products/223061535-1-38_5.jpg?v=1697896077&amp;width=400 400w, //www.montecarlo.in/cdn/shop/products/223061535-1-38_5.jpg?v=1697896077&amp;width=500 500w, //www.montecarlo.in/cdn/shop/products/223061535-1-38_5.jpg?v=1697896077&amp;width=600 600w, //www.montecarlo.in/cdn/shop/products/223061535-1-38_5.jpg?v=1697896077&amp;width=700 700w, //www.montecarlo.in/cdn/shop/products/223061535-1-38_5.jpg?v=1697896077&amp;width=800 800w, //www.montecarlo.in/cdn/shop/products/223061535-1-38_5.jpg?v=1697896077&amp;width=900 900w, //www.montecarlo.in/cdn/shop/products/223061535-1-38_5.jpg?v=1697896077&amp;width=1000 1000w" width="1080" height="1440" loading="lazy" sizes="(max-width: 740px) 52vw, calc(min(100vw - 80px, 1520px) / 4 - 18px)" class="product-item__primary-image" data-media-id="35575659757856">
  (Session info: MicrosoftEdge=133.0.3065.69)
Build info: version: '4.27.0', revision: 'd6e718d134'
System info: os.name: 'Windows 11', os.arch: 'amd64', os.version: '10.0', java.version: '21.0.3'
Driver info: org.openqa.selenium.edge.EdgeDriver
Command: [5e6f4a03c71cd144002bee076e1aa16f, clickElement {id=f.7AA258A12D970844DF483242E4247527.d.434456DD5632ED331171349DF25E247C.e.369}]
Capabilities {acceptInsecureCerts: false, browserName: MicrosoftEdge, browserVersion: 133.0.3065.69, fedcm:accounts: true, ms:edgeOptions: {debuggerAddress: localhost:49907}, msedge: {msedgedriverVersion: 133.0.3065.69 (c3f010c11f3e..., userDataDir: C:\Users\VC114136\AppData\L...}, networkConnectionEnabled: false, pageLoadStrategy: normal, platformName: windows, proxy: Proxy(), se:cdp: ws://localhost:49907/devtoo..., se:cdpVersion: 133.0.3065.69, setWindowRect: true, strictFileInteractability: false, timeouts: {implicit: 0, pageLoad: 300000, script: 30000}, unhandledPromptBehavior: dismiss and notify, webauthn:extension:credBlob: true, webauthn:extension:largeBlob: true, webauthn:extension:minPinLength: true, webauthn:extension:prf: true, webauthn:virtualAuthenticators: true}
Element: [[EdgeDriver: MicrosoftEdge on windows (5e6f4a03c71cd144002bee076e1aa16f)] -> xpath: *//product-list[2]//product-item/div[2]/div[1]/button[1]]
Session ID: 5e6f4a03c71cd144002bee076e1aa16f
at org.openqa.selenium.remote.ErrorCodec.decode(ErrorCodec.java:167)
at org.openqa.selenium.remote.codec.w3c.W3CHttpResponseCodec.decode(W3CHttpResponseCodec.java:138)
at org.openqa.selenium.remote.codec.w3c.W3CHttpResponseCodec.decode(W3CHttpResponseCodec.java:50)
at org.openqa.selenium.remote.HttpCommandExecutor.execute(HttpCommandExecutor.java:190)
at org.openqa.selenium.remote.service.DriverCommandExecutor.invokeExecute(DriverCommandExecutor.java:216)
at org.openqa.selenium.remote.service.DriverCommandExecutor.execute(DriverCommandExecutor.java:174)
at org.openqa.selenium.remote.RemoteWebDriver.execute(RemoteWebDriver.java:545)
at org.openqa.selenium.remote.RemoteWebElement.execute(RemoteWebElement.java:223)
at org.openqa.selenium.remote.RemoteWebElement.click(RemoteWebElement.java:76)
at pom.MonteCarloPage.hoverAndClickNewArrivalProduct(MonteCarloPage.java:74)
at testscripts.TC10_ProductVerification.verifyProduct(TC10_ProductVerification.java:77)
at java.base/java.util.ArrayList.forEach(ArrayList.java:1596)
... Removed 28 stack frames]]>
    </failure>
  </testcase> <!-- verifyProduct -->
</testsuite> <!-- Test -->
