<?xml version="1.0" encoding="UTF-8"?>
<testng-results ignored="0" total="2" passed="1" failed="1" skipped="0">
  <reporter-output>
  </reporter-output>
  <suite started-at="2025-02-03T18:44:30 IST" name="Failed suite [Failed suite [Failed suite [Suite]]]" finished-at="2025-02-03T18:48:56 IST" duration-ms="265101">
    <groups>
    </groups>
    <test started-at="2025-02-03T18:44:30 IST" name="Test(failed)(failed)(failed)" finished-at="2025-02-03T18:48:56 IST" duration-ms="265101">
      <class name="testscripts.TC05_manufactureAddress">
        <test-method is-config="true" signature="openApp()[pri:0, instance:testscripts.TC05_manufactureAddress@32eff876]" started-at="2025-02-03T18:44:31 IST" name="openApp" finished-at="2025-02-03T18:46:20 IST" duration-ms="109568" status="PASS">
          <reporter-output>
          </reporter-output>
        </test-method> <!-- openApp -->
        <test-method signature="getManufactureAddress()[pri:0, instance:testscripts.TC05_manufactureAddress@32eff876]" started-at="2025-02-03T18:46:20 IST" name="getManufactureAddress" finished-at="2025-02-03T18:46:49 IST" duration-ms="28657" status="PASS">
          <reporter-output>
          </reporter-output>
        </test-method> <!-- getManufactureAddress -->
        <test-method is-config="true" signature="closeApp()[pri:0, instance:testscripts.TC05_manufactureAddress@32eff876]" started-at="2025-02-03T18:46:49 IST" name="closeApp" finished-at="2025-02-03T18:46:57 IST" duration-ms="8525" status="PASS">
          <reporter-output>
          </reporter-output>
        </test-method> <!-- closeApp -->
      </class> <!-- testscripts.TC05_manufactureAddress -->
      <class name="testscripts.TC10_ProductVerification">
        <test-method is-config="true" signature="openApp()[pri:0, instance:testscripts.TC10_ProductVerification@16293aa2]" started-at="2025-02-03T18:46:57 IST" name="openApp" finished-at="2025-02-03T18:47:08 IST" duration-ms="10899" status="PASS">
          <reporter-output>
          </reporter-output>
        </test-method> <!-- openApp -->
        <test-method signature="verifyProduct()[pri:0, instance:testscripts.TC10_ProductVerification@16293aa2]" started-at="2025-02-03T18:47:08 IST" name="verifyProduct" finished-at="2025-02-03T18:48:48 IST" duration-ms="100060" status="FAIL">
          <exception class="org.openqa.selenium.ElementClickInterceptedException">
            <message>
              <![CDATA[element click intercepted: Element <input class="block-swatch__radio visually-hidden" type="radio" name="option1" form="product-form-template--24170045669664__main-8790724116768" id="option-template--24170045669664__main-quick-buy-drawer-8790724116768-1-1" value="36/S" data-bind-value="option-template--24170045669664__main-quick-buy-drawer-8790724116768-1-value"> is not clickable at point (921, 292). Other element would receive the click: <div class="product-form__option-selector" data-selector-type="block">...</div>
  (Session info: MicrosoftEdge=132.0.2957.127)
Build info: version: '4.27.0', revision: 'd6e718d134'
System info: os.name: 'Windows 11', os.arch: 'amd64', os.version: '10.0', java.version: '21.0.3'
Driver info: org.openqa.selenium.edge.EdgeDriver
Command: [fd3872b1c687ca5d04b645f94d49bb1d, clickElement {id=f.46B165DF3AC1DD8765160D3120A8FB9D.d.1473B1C77A35D70DDE387A59F1EDBC6D.e.412}]
Capabilities {acceptInsecureCerts: false, browserName: MicrosoftEdge, browserVersion: 132.0.2957.127, fedcm:accounts: true, ms:edgeOptions: {debuggerAddress: localhost:58385}, msedge: {msedgedriverVersion: 132.0.2957.140 (a81e27b375d..., userDataDir: C:\Users\VC114136\AppData\L...}, networkConnectionEnabled: false, pageLoadStrategy: normal, platformName: windows, proxy: Proxy(), se:cdp: ws://localhost:58385/devtoo..., se:cdpVersion: 132.0.2957.127, setWindowRect: true, strictFileInteractability: false, timeouts: {implicit: 0, pageLoad: 300000, script: 30000}, unhandledPromptBehavior: dismiss and notify, webauthn:extension:credBlob: true, webauthn:extension:largeBlob: true, webauthn:extension:minPinLength: true, webauthn:extension:prf: true, webauthn:virtualAuthenticators: true}
Element: [[EdgeDriver: MicrosoftEdge on windows (fd3872b1c687ca5d04b645f94d49bb1d)] -> xpath: //div[@class='block-swatch-list']//input[@type='radio']]
Session ID: fd3872b1c687ca5d04b645f94d49bb1d]]>
            </message>
            <full-stacktrace>
              <![CDATA[org.openqa.selenium.ElementClickInterceptedException: element click intercepted: Element <input class="block-swatch__radio visually-hidden" type="radio" name="option1" form="product-form-template--24170045669664__main-8790724116768" id="option-template--24170045669664__main-quick-buy-drawer-8790724116768-1-1" value="36/S" data-bind-value="option-template--24170045669664__main-quick-buy-drawer-8790724116768-1-value"> is not clickable at point (921, 292). Other element would receive the click: <div class="product-form__option-selector" data-selector-type="block">...</div>
  (Session info: MicrosoftEdge=132.0.2957.127)
Build info: version: '4.27.0', revision: 'd6e718d134'
System info: os.name: 'Windows 11', os.arch: 'amd64', os.version: '10.0', java.version: '21.0.3'
Driver info: org.openqa.selenium.edge.EdgeDriver
Command: [fd3872b1c687ca5d04b645f94d49bb1d, clickElement {id=f.46B165DF3AC1DD8765160D3120A8FB9D.d.1473B1C77A35D70DDE387A59F1EDBC6D.e.412}]
Capabilities {acceptInsecureCerts: false, browserName: MicrosoftEdge, browserVersion: 132.0.2957.127, fedcm:accounts: true, ms:edgeOptions: {debuggerAddress: localhost:58385}, msedge: {msedgedriverVersion: 132.0.2957.140 (a81e27b375d..., userDataDir: C:\Users\VC114136\AppData\L...}, networkConnectionEnabled: false, pageLoadStrategy: normal, platformName: windows, proxy: Proxy(), se:cdp: ws://localhost:58385/devtoo..., se:cdpVersion: 132.0.2957.127, setWindowRect: true, strictFileInteractability: false, timeouts: {implicit: 0, pageLoad: 300000, script: 30000}, unhandledPromptBehavior: dismiss and notify, webauthn:extension:credBlob: true, webauthn:extension:largeBlob: true, webauthn:extension:minPinLength: true, webauthn:extension:prf: true, webauthn:virtualAuthenticators: true}
Element: [[EdgeDriver: MicrosoftEdge on windows (fd3872b1c687ca5d04b645f94d49bb1d)] -> xpath: //div[@class='block-swatch-list']//input[@type='radio']]
Session ID: fd3872b1c687ca5d04b645f94d49bb1d
at java.base/jdk.internal.reflect.DirectConstructorHandleAccessor.newInstance(DirectConstructorHandleAccessor.java:62)
at java.base/java.lang.reflect.Constructor.newInstanceWithCaller(Constructor.java:502)
at java.base/java.lang.reflect.Constructor.newInstance(Constructor.java:486)
at org.openqa.selenium.remote.ErrorCodec.decode(ErrorCodec.java:167)
at org.openqa.selenium.remote.codec.w3c.W3CHttpResponseCodec.decode(W3CHttpResponseCodec.java:138)
at org.openqa.selenium.remote.codec.w3c.W3CHttpResponseCodec.decode(W3CHttpResponseCodec.java:50)
at org.openqa.selenium.remote.HttpCommandExecutor.execute(HttpCommandExecutor.java:190)
at org.openqa.selenium.remote.service.DriverCommandExecutor.invokeExecute(DriverCommandExecutor.java:216)
at org.openqa.selenium.remote.service.DriverCommandExecutor.execute(DriverCommandExecutor.java:174)
at org.openqa.selenium.remote.RemoteWebDriver.execute(RemoteWebDriver.java:545)
at org.openqa.selenium.remote.RemoteWebElement.execute(RemoteWebElement.java:223)
at org.openqa.selenium.remote.RemoteWebElement.click(RemoteWebElement.java:76)
at pom.QuickBuyDrawer.selectAnySize(QuickBuyDrawer.java:43)
at testscripts.TC10_ProductVerification.verifyProduct(TC10_ProductVerification.java:66)
at java.base/jdk.internal.reflect.DirectMethodHandleAccessor.invoke(DirectMethodHandleAccessor.java:103)
at java.base/java.lang.reflect.Method.invoke(Method.java:580)
at org.testng.internal.MethodInvocationHelper.invokeMethod(MethodInvocationHelper.java:133)
at org.testng.internal.TestInvoker.invokeMethod(TestInvoker.java:598)
at org.testng.internal.TestInvoker.invokeTestMethod(TestInvoker.java:173)
at org.testng.internal.MethodRunner.runInSequence(MethodRunner.java:46)
at org.testng.internal.TestInvoker$MethodInvocationAgent.invoke(TestInvoker.java:824)
at org.testng.internal.TestInvoker.invokeTestMethods(TestInvoker.java:146)
at org.testng.internal.TestMethodWorker.invokeTestMethods(TestMethodWorker.java:146)
at org.testng.internal.TestMethodWorker.run(TestMethodWorker.java:128)
at java.base/java.util.ArrayList.forEach(ArrayList.java:1596)
at org.testng.TestRunner.privateRun(TestRunner.java:794)
at org.testng.TestRunner.run(TestRunner.java:596)
at org.testng.SuiteRunner.runTest(SuiteRunner.java:377)
at org.testng.SuiteRunner.runSequentially(SuiteRunner.java:371)
at org.testng.SuiteRunner.privateRun(SuiteRunner.java:332)
at org.testng.SuiteRunner.run(SuiteRunner.java:276)
at org.testng.SuiteRunnerWorker.runSuite(SuiteRunnerWorker.java:53)
at org.testng.SuiteRunnerWorker.run(SuiteRunnerWorker.java:96)
at org.testng.TestNG.runSuitesSequentially(TestNG.java:1212)
at org.testng.TestNG.runSuitesLocally(TestNG.java:1134)
at org.testng.TestNG.runSuites(TestNG.java:1063)
at org.testng.TestNG.run(TestNG.java:1031)
at org.testng.remote.AbstractRemoteTestNG.run(AbstractRemoteTestNG.java:115)
at org.testng.remote.RemoteTestNG.initAndRun(RemoteTestNG.java:293)
at org.testng.remote.RemoteTestNG.main(RemoteTestNG.java:91)
]]>
            </full-stacktrace>
          </exception> <!-- org.openqa.selenium.ElementClickInterceptedException -->
          <reporter-output>
          </reporter-output>
        </test-method> <!-- verifyProduct -->
        <test-method is-config="true" signature="closeApp()[pri:0, instance:testscripts.TC10_ProductVerification@16293aa2]" started-at="2025-02-03T18:48:49 IST" name="closeApp" finished-at="2025-02-03T18:48:56 IST" duration-ms="6920" status="PASS">
          <reporter-output>
          </reporter-output>
        </test-method> <!-- closeApp -->
      </class> <!-- testscripts.TC10_ProductVerification -->
    </test> <!-- Test(failed)(failed)(failed) -->
  </suite> <!-- Failed suite [Failed suite [Failed suite [Suite]]] -->
</testng-results>
