<?xml version="1.0" encoding="UTF-8"?>
<!-- Generated by org.testng.reporters.JUnitXMLReporter -->
<testsuite ignored="0" hostname="MCSW69SLPC0018" failures="1" tests="2" name="Test(failed)(failed)(failed)" time="265.101" errors="0" timestamp="2025-02-03T18:48:56 IST">
  <testcase classname="testscripts.TC05_manufactureAddress" name="getManufactureAddress" time="28.657"/>
  <testcase classname="testscripts.TC10_ProductVerification" name="verifyProduct" time="100.06">
    <failure type="org.openqa.selenium.ElementClickInterceptedException" message="element click intercepted: Element &amp;lt;input class=&amp;quot;block-swatch__radio visually-hidden&amp;quot; type=&amp;quot;radio&amp;quot; name=&amp;quot;option1&amp;quot; form=&amp;quot;product-form-template--24170045669664__main-8790724116768&amp;quot; id=&amp;quot;option-template--24170045669664__main-quick-buy-drawer-8790724116768-1-1&amp;quot; value=&amp;quot;36/S&amp;quot; data-bind-value=&amp;quot;option-template--24170045669664__main-quick-buy-drawer-8790724116768-1-value&amp;quot;&amp;gt; is not clickable at point (921, 292). Other element would receive the click: &amp;lt;div class=&amp;quot;product-form__option-selector&amp;quot; data-selector-type=&amp;quot;block&amp;quot;&amp;gt;...&amp;lt;/div&amp;gt;
  (Session info: MicrosoftEdge=132.0.2957.127)
Build info: version: &amp;apos;4.27.0&amp;apos;, revision: &amp;apos;d6e718d134&amp;apos;
System info: os.name: &amp;apos;Windows 11&amp;apos;, os.arch: &amp;apos;amd64&amp;apos;, os.version: &amp;apos;10.0&amp;apos;, java.version: &amp;apos;21.0.3&amp;apos;
Driver info: org.openqa.selenium.edge.EdgeDriver
Command: [fd3872b1c687ca5d04b645f94d49bb1d, clickElement {id=f.46B165DF3AC1DD8765160D3120A8FB9D.d.1473B1C77A35D70DDE387A59F1EDBC6D.e.412}]
Capabilities {acceptInsecureCerts: false, browserName: MicrosoftEdge, browserVersion: 132.0.2957.127, fedcm:accounts: true, ms:edgeOptions: {debuggerAddress: localhost:58385}, msedge: {msedgedriverVersion: 132.0.2957.140 (a81e27b375d..., userDataDir: C:\Users\VC114136\AppData\L...}, networkConnectionEnabled: false, pageLoadStrategy: normal, platformName: windows, proxy: Proxy(), se:cdp: ws://localhost:58385/devtoo..., se:cdpVersion: 132.0.2957.127, setWindowRect: true, strictFileInteractability: false, timeouts: {implicit: 0, pageLoad: 300000, script: 30000}, unhandledPromptBehavior: dismiss and notify, webauthn:extension:credBlob: true, webauthn:extension:largeBlob: true, webauthn:extension:minPinLength: true, webauthn:extension:prf: true, webauthn:virtualAuthenticators: true}
Element: [[EdgeDriver: MicrosoftEdge on windows (fd3872b1c687ca5d04b645f94d49bb1d)] -&amp;gt; xpath: //div[@class=&amp;apos;block-swatch-list&amp;apos;]//input[@type=&amp;apos;radio&amp;apos;]]
Session ID: fd3872b1c687ca5d04b645f94d49bb1d">
      <![CDATA[org.openqa.selenium.ElementClickInterceptedException: element click intercepted: Element <input class="block-swatch__radio visually-hidden" type="radio" name="option1" form="product-form-template--24170045669664__main-8790724116768" id="option-template--24170045669664__main-quick-buy-drawer-8790724116768-1-1" value="36/S" data-bind-value="option-template--24170045669664__main-quick-buy-drawer-8790724116768-1-value"> is not clickable at point (921, 292). Other element would receive the click: <div class="product-form__option-selector" data-selector-type="block">...</div>
  (Session info: MicrosoftEdge=132.0.2957.127)
Build info: version: '4.27.0', revision: 'd6e718d134'
System info: os.name: 'Windows 11', os.arch: 'amd64', os.version: '10.0', java.version: '21.0.3'
Driver info: org.openqa.selenium.edge.EdgeDriver
Command: [fd3872b1c687ca5d04b645f94d49bb1d, clickElement {id=f.46B165DF3AC1DD8765160D3120A8FB9D.d.1473B1C77A35D70DDE387A59F1EDBC6D.e.412}]
Capabilities {acceptInsecureCerts: false, browserName: MicrosoftEdge, browserVersion: 132.0.2957.127, fedcm:accounts: true, ms:edgeOptions: {debuggerAddress: localhost:58385}, msedge: {msedgedriverVersion: 132.0.2957.140 (a81e27b375d..., userDataDir: C:\Users\VC114136\AppData\L...}, networkConnectionEnabled: false, pageLoadStrategy: normal, platformName: windows, proxy: Proxy(), se:cdp: ws://localhost:58385/devtoo..., se:cdpVersion: 132.0.2957.127, setWindowRect: true, strictFileInteractability: false, timeouts: {implicit: 0, pageLoad: 300000, script: 30000}, unhandledPromptBehavior: dismiss and notify, webauthn:extension:credBlob: true, webauthn:extension:largeBlob: true, webauthn:extension:minPinLength: true, webauthn:extension:prf: true, webauthn:virtualAuthenticators: true}
Element: [[EdgeDriver: MicrosoftEdge on windows (fd3872b1c687ca5d04b645f94d49bb1d)] -> xpath: //div[@class='block-swatch-list']//input[@type='radio']]
Session ID: fd3872b1c687ca5d04b645f94d49bb1d
at org.openqa.selenium.remote.ErrorCodec.decode(ErrorCodec.java:167)
at org.openqa.selenium.remote.codec.w3c.W3CHttpResponseCodec.decode(W3CHttpResponseCodec.java:138)
at org.openqa.selenium.remote.codec.w3c.W3CHttpResponseCodec.decode(W3CHttpResponseCodec.java:50)
at org.openqa.selenium.remote.HttpCommandExecutor.execute(HttpCommandExecutor.java:190)
at org.openqa.selenium.remote.service.DriverCommandExecutor.invokeExecute(DriverCommandExecutor.java:216)
at org.openqa.selenium.remote.service.DriverCommandExecutor.execute(DriverCommandExecutor.java:174)
at org.openqa.selenium.remote.RemoteWebDriver.execute(RemoteWebDriver.java:545)
at org.openqa.selenium.remote.RemoteWebElement.execute(RemoteWebElement.java:223)
at org.openqa.selenium.remote.RemoteWebElement.click(RemoteWebElement.java:76)
at pom.QuickBuyDrawer.selectAnySize(QuickBuyDrawer.java:43)
at testscripts.TC10_ProductVerification.verifyProduct(TC10_ProductVerification.java:66)
at java.base/java.util.ArrayList.forEach(ArrayList.java:1596)
... Removed 28 stack frames]]>
    </failure>
  </testcase> <!-- verifyProduct -->
</testsuite> <!-- Test(failed)(failed)(failed) -->
